2015-11-20T01:04:46+00:00 ERR (3): 
exception 'Mage_Core_Exception' with message 'Invalid block type: CV_Thuvien_Block_Adminhtml_Docgia_Edit_Tab_Lephi_Rederer_Delete' in D:\xampp\htdocs\thuvien\app\Mage.php:595
Stack trace:
#0 D:\xampp\htdocs\thuvien\app\code\core\Mage\Core\Model\Layout.php(495): Mage::throwException('Invalid block t...')
#1 D:\xampp\htdocs\thuvien\app\code\core\Mage\Core\Model\Layout.php(437): Mage_Core_Model_Layout->_getBlockInstance('thuvien/adminht...', Array)
#2 D:\xampp\htdocs\thuvien\app\code\core\Mage\Adminhtml\Block\Widget\Grid\Column.php(290): Mage_Core_Model_Layout->createBlock('thuvien/adminht...')
#3 D:\xampp\htdocs\thuvien\app\code\core\Mage\Adminhtml\Block\Widget\Grid\Column.php(67): Mage_Adminhtml_Block_Widget_Grid_Column->getRenderer()
#4 D:\xampp\htdocs\thuvien\app\design\adminhtml\default\default\template\widget\grid.phtml(122): Mage_Adminhtml_Block_Widget_Grid_Column->getHtmlProperty()
#5 D:\xampp\htdocs\thuvien\app\code\core\Mage\Core\Block\Template.php(241): include('D:\xampp\htdocs...')
#6 D:\xampp\htdocs\thuvien\app\code\core\Mage\Core\Block\Template.php(272): Mage_Core_Block_Template->fetchView('adminhtml\defau...')
#7 D:\xampp\htdocs\thuvien\app\code\core\Mage\Core\Block\Template.php(286): Mage_Core_Block_Template->renderView()
#8 D:\xampp\htdocs\thuvien\app\code\core\Mage\Adminhtml\Block\Template.php(81): Mage_Core_Block_Template->_toHtml()
#9 D:\xampp\htdocs\thuvien\app\code\core\Mage\Core\Block\Abstract.php(919): Mage_Adminhtml_Block_Template->_toHtml()
#10 D:\xampp\htdocs\thuvien\app\code\local\CV\Thuvien\Block\Adminhtml\Docgia\Edit\Tabs.php(26): Mage_Core_Block_Abstract->toHtml()
#11 D:\xampp\htdocs\thuvien\app\code\core\Mage\Core\Block\Abstract.php(918): CV_Thuvien_Block_Adminhtml_Docgia_Edit_Tabs->_beforeToHtml()
#12 D:\xampp\htdocs\thuvien\app\code\core\Mage\Core\Block\Text\List.php(43): Mage_Core_Block_Abstract->toHtml()
#13 D:\xampp\htdocs\thuvien\app\code\core\Mage\Core\Block\Abstract.php(919): Mage_Core_Block_Text_List->_toHtml()
#14 D:\xampp\htdocs\thuvien\app\code\core\Mage\Core\Block\Abstract.php(637): Mage_Core_Block_Abstract->toHtml()
#15 D:\xampp\htdocs\thuvien\app\code\core\Mage\Core\Block\Abstract.php(581): Mage_Core_Block_Abstract->_getChildHtml('left', true)
#16 D:\xampp\htdocs\thuvien\app\design\adminhtml\default\default\template\page.phtml(58): Mage_Core_Block_Abstract->getChildHtml('left')
#17 D:\xampp\htdocs\thuvien\app\code\core\Mage\Core\Block\Template.php(241): include('D:\xampp\htdocs...')
#18 D:\xampp\htdocs\thuvien\app\code\core\Mage\Core\Block\Template.php(272): Mage_Core_Block_Template->fetchView('adminhtml\defau...')
#19 D:\xampp\htdocs\thuvien\app\code\core\Mage\Core\Block\Template.php(286): Mage_Core_Block_Template->renderView()
#20 D:\xampp\htdocs\thuvien\app\code\core\Mage\Adminhtml\Block\Template.php(81): Mage_Core_Block_Template->_toHtml()
#21 D:\xampp\htdocs\thuvien\app\code\core\Mage\Core\Block\Abstract.php(919): Mage_Adminhtml_Block_Template->_toHtml()
#22 D:\xampp\htdocs\thuvien\app\code\core\Mage\Core\Model\Layout.php(555): Mage_Core_Block_Abstract->toHtml()
#23 D:\xampp\htdocs\thuvien\app\code\core\Mage\Core\Controller\Varien\Action.php(390): Mage_Core_Model_Layout->getOutput()
#24 D:\xampp\htdocs\thuvien\app\code\local\CV\Thuvien\controllers\Adminhtml\DocgiaController.php(42): Mage_Core_Controller_Varien_Action->renderLayout()
#25 D:\xampp\htdocs\thuvien\app\code\core\Mage\Core\Controller\Varien\Action.php(418): CV_Thuvien_Adminhtml_DocgiaController->editAction()
#26 D:\xampp\htdocs\thuvien\app\code\core\Mage\Core\Controller\Varien\Router\Standard.php(250): Mage_Core_Controller_Varien_Action->dispatch('edit')
#27 D:\xampp\htdocs\thuvien\app\code\core\Mage\Core\Controller\Varien\Front.php(172): Mage_Core_Controller_Varien_Router_Standard->match(Object(Mage_Core_Controller_Request_Http))
#28 D:\xampp\htdocs\thuvien\app\code\core\Mage\Core\Model\App.php(354): Mage_Core_Controller_Varien_Front->dispatch()
#29 D:\xampp\htdocs\thuvien\app\Mage.php(684): Mage_Core_Model_App->run(Array)
#30 D:\xampp\htdocs\thuvien\index.php(87): Mage::run('', 'store')
#31 {main}
2015-11-20T01:05:36+00:00 ERR (3): 
exception 'Mage_Core_Exception' with message 'Invalid block type: CV_Thuvien_Block_Adminhtml_Docgia_Edit_Tab_Lephi_Rederer_Delete' in D:\xampp\htdocs\thuvien\app\Mage.php:595
Stack trace:
#0 D:\xampp\htdocs\thuvien\app\code\core\Mage\Core\Model\Layout.php(495): Mage::throwException('Invalid block t...')
#1 D:\xampp\htdocs\thuvien\app\code\core\Mage\Core\Model\Layout.php(437): Mage_Core_Model_Layout->_getBlockInstance('thuvien/adminht...', Array)
#2 D:\xampp\htdocs\thuvien\app\code\core\Mage\Adminhtml\Block\Widget\Grid\Column.php(290): Mage_Core_Model_Layout->createBlock('thuvien/adminht...')
#3 D:\xampp\htdocs\thuvien\app\code\core\Mage\Adminhtml\Block\Widget\Grid\Column.php(67): Mage_Adminhtml_Block_Widget_Grid_Column->getRenderer()
#4 D:\xampp\htdocs\thuvien\app\design\adminhtml\default\default\template\widget\grid.phtml(122): Mage_Adminhtml_Block_Widget_Grid_Column->getHtmlProperty()
#5 D:\xampp\htdocs\thuvien\app\code\core\Mage\Core\Block\Template.php(241): include('D:\xampp\htdocs...')
#6 D:\xampp\htdocs\thuvien\app\code\core\Mage\Core\Block\Template.php(272): Mage_Core_Block_Template->fetchView('adminhtml\defau...')
#7 D:\xampp\htdocs\thuvien\app\code\core\Mage\Core\Block\Template.php(286): Mage_Core_Block_Template->renderView()
#8 D:\xampp\htdocs\thuvien\app\code\core\Mage\Adminhtml\Block\Template.php(81): Mage_Core_Block_Template->_toHtml()
#9 D:\xampp\htdocs\thuvien\app\code\core\Mage\Core\Block\Abstract.php(919): Mage_Adminhtml_Block_Template->_toHtml()
#10 D:\xampp\htdocs\thuvien\app\code\local\CV\Thuvien\Block\Adminhtml\Docgia\Edit\Tabs.php(26): Mage_Core_Block_Abstract->toHtml()
#11 D:\xampp\htdocs\thuvien\app\code\core\Mage\Core\Block\Abstract.php(918): CV_Thuvien_Block_Adminhtml_Docgia_Edit_Tabs->_beforeToHtml()
#12 D:\xampp\htdocs\thuvien\app\code\core\Mage\Core\Block\Text\List.php(43): Mage_Core_Block_Abstract->toHtml()
#13 D:\xampp\htdocs\thuvien\app\code\core\Mage\Core\Block\Abstract.php(919): Mage_Core_Block_Text_List->_toHtml()
#14 D:\xampp\htdocs\thuvien\app\code\core\Mage\Core\Block\Abstract.php(637): Mage_Core_Block_Abstract->toHtml()
#15 D:\xampp\htdocs\thuvien\app\code\core\Mage\Core\Block\Abstract.php(581): Mage_Core_Block_Abstract->_getChildHtml('left', true)
#16 D:\xampp\htdocs\thuvien\app\design\adminhtml\default\default\template\page.phtml(58): Mage_Core_Block_Abstract->getChildHtml('left')
#17 D:\xampp\htdocs\thuvien\app\code\core\Mage\Core\Block\Template.php(241): include('D:\xampp\htdocs...')
#18 D:\xampp\htdocs\thuvien\app\code\core\Mage\Core\Block\Template.php(272): Mage_Core_Block_Template->fetchView('adminhtml\defau...')
#19 D:\xampp\htdocs\thuvien\app\code\core\Mage\Core\Block\Template.php(286): Mage_Core_Block_Template->renderView()
#20 D:\xampp\htdocs\thuvien\app\code\core\Mage\Adminhtml\Block\Template.php(81): Mage_Core_Block_Template->_toHtml()
#21 D:\xampp\htdocs\thuvien\app\code\core\Mage\Core\Block\Abstract.php(919): Mage_Adminhtml_Block_Template->_toHtml()
#22 D:\xampp\htdocs\thuvien\app\code\core\Mage\Core\Model\Layout.php(555): Mage_Core_Block_Abstract->toHtml()
#23 D:\xampp\htdocs\thuvien\app\code\core\Mage\Core\Controller\Varien\Action.php(390): Mage_Core_Model_Layout->getOutput()
#24 D:\xampp\htdocs\thuvien\app\code\local\CV\Thuvien\controllers\Adminhtml\DocgiaController.php(42): Mage_Core_Controller_Varien_Action->renderLayout()
#25 D:\xampp\htdocs\thuvien\app\code\core\Mage\Core\Controller\Varien\Action.php(418): CV_Thuvien_Adminhtml_DocgiaController->editAction()
#26 D:\xampp\htdocs\thuvien\app\code\core\Mage\Core\Controller\Varien\Router\Standard.php(250): Mage_Core_Controller_Varien_Action->dispatch('edit')
#27 D:\xampp\htdocs\thuvien\app\code\core\Mage\Core\Controller\Varien\Front.php(172): Mage_Core_Controller_Varien_Router_Standard->match(Object(Mage_Core_Controller_Request_Http))
#28 D:\xampp\htdocs\thuvien\app\code\core\Mage\Core\Model\App.php(354): Mage_Core_Controller_Varien_Front->dispatch()
#29 D:\xampp\htdocs\thuvien\app\Mage.php(684): Mage_Core_Model_App->run(Array)
#30 D:\xampp\htdocs\thuvien\index.php(87): Mage::run('', 'store')
#31 {main}
